

================================================================
== Vivado HLS Report for 'trace_cntrl_64'
================================================================
* Date:           Sat Mar 20 14:56:43 2021

* Version:        2018.3 (Build 2405991 on Thu Dec 06 23:56:15 MST 2018)
* Project:        trace_cntrl_64
* Solution:       solution1
* Product family: zynq
* Target device:  xc7z020clg484-1


================================================================
== Performance Estimates
================================================================
+ Timing (ns): 
    * Summary: 
    +--------+-------+----------+------------+
    |  Clock | Target| Estimated| Uncertainty|
    +--------+-------+----------+------------+
    |ap_clk  |  10.00|     6.873|        1.25|
    +--------+-------+----------+------------+

+ Latency (clock cycles): 
    * Summary: 
    +-----+-----+-----+-----+---------+
    |  Latency  |  Interval | Pipeline|
    | min | max | min | max |   Type  |
    +-----+-----+-----+-----+---------+
    |    ?|    ?|    ?|    ?|   none  |
    +-----+-----+-----+-----+---------+

    + Detail: 
        * Instance: 
        N/A

        * Loop: 
        +----------+-----+-----+----------+-----------+-----------+------+----------+
        |          |  Latency  | Iteration|  Initiation Interval  | Trip |          |
        | Loop Name| min | max |  Latency |  achieved |   target  | Count| Pipelined|
        +----------+-----+-----+----------+-----------+-----------+------+----------+
        |- Loop 1  |    ?|    ?|         3|          1|          1|     ?|    yes   |
        +----------+-----+-----+----------+-----------+-----------+------+----------+



================================================================
== Utilization Estimates
================================================================
* Summary: 
+-----------------+---------+-------+--------+-------+
|       Name      | BRAM_18K| DSP48E|   FF   |  LUT  |
+-----------------+---------+-------+--------+-------+
|DSP              |        -|      -|       -|      -|
|Expression       |        -|      -|       0|    422|
|FIFO             |        -|      -|       -|      -|
|Instance         |        0|      -|     144|    232|
|Memory           |        -|      -|       -|      -|
|Multiplexer      |        -|      -|       -|    420|
|Register         |        -|      -|     641|      -|
+-----------------+---------+-------+--------+-------+
|Total            |        0|      0|     785|   1074|
+-----------------+---------+-------+--------+-------+
|Available        |      280|    220|  106400|  53200|
+-----------------+---------+-------+--------+-------+
|Utilization (%)  |        0|      0|   ~0   |      2|
+-----------------+---------+-------+--------+-------+

+ Detail: 
    * Instance: 
    +------------------------------------+----------------------------------+---------+-------+-----+-----+
    |              Instance              |              Module              | BRAM_18K| DSP48E|  FF | LUT |
    +------------------------------------+----------------------------------+---------+-------+-----+-----+
    |trace_cntrl_64_trace_cntrl_s_axi_U  |trace_cntrl_64_trace_cntrl_s_axi  |        0|      0|  144|  232|
    +------------------------------------+----------------------------------+---------+-------+-----+-----+
    |Total                               |                                  |        0|      0|  144|  232|
    +------------------------------------+----------------------------------+---------+-------+-----+-----+

    * DSP48: 
    N/A

    * Memory: 
    N/A

    * FIFO: 
    N/A

    * Expression: 
    +------------------------------------+----------+-------+---+----+------------+------------+
    |            Variable Name           | Operation| DSP48E| FF| LUT| Bitwidth P0| Bitwidth P1|
    +------------------------------------+----------+-------+---+----+------------+------------+
    |i_2_fu_231_p2                       |     +    |      0|  0|  39|          32|           2|
    |i_3_fu_257_p2                       |     +    |      0|  0|  39|          32|           1|
    |samples_1_fu_246_p2                 |     +    |      0|  0|  39|          32|           1|
    |tmp_fu_167_p2                       |     +    |      0|  0|  39|           2|          32|
    |ap_block_pp0_stage0_01001           |    and   |      0|  0|   2|           1|           1|
    |ap_block_state2_pp0_stage0_iter0    |    and   |      0|  0|   2|           1|           1|
    |ap_block_state3_io                  |    and   |      0|  0|   2|           1|           1|
    |ap_block_state4_io                  |    and   |      0|  0|   2|           1|           1|
    |ap_condition_852                    |    and   |      0|  0|   2|           1|           1|
    |ap_predicate_op60_write_state3      |    and   |      0|  0|   2|           1|           1|
    |ap_predicate_op63_write_state4      |    and   |      0|  0|   2|           1|           1|
    |capture_64_data_V_1_load_A          |    and   |      0|  0|   2|           1|           1|
    |capture_64_data_V_1_load_B          |    and   |      0|  0|   2|           1|           1|
    |capture_64_dest_V_1_load_A          |    and   |      0|  0|   2|           1|           1|
    |capture_64_dest_V_1_load_B          |    and   |      0|  0|   2|           1|           1|
    |capture_64_id_V_1_load_A            |    and   |      0|  0|   2|           1|           1|
    |capture_64_id_V_1_load_B            |    and   |      0|  0|   2|           1|           1|
    |capture_64_keep_V_1_load_A          |    and   |      0|  0|   2|           1|           1|
    |capture_64_keep_V_1_load_B          |    and   |      0|  0|   2|           1|           1|
    |capture_64_last_V_1_load_A          |    and   |      0|  0|   2|           1|           1|
    |capture_64_last_V_1_load_B          |    and   |      0|  0|   2|           1|           1|
    |capture_64_strb_V_1_load_A          |    and   |      0|  0|   2|           1|           1|
    |capture_64_strb_V_1_load_B          |    and   |      0|  0|   2|           1|           1|
    |capture_64_user_V_1_load_A          |    and   |      0|  0|   2|           1|           1|
    |capture_64_user_V_1_load_B          |    and   |      0|  0|   2|           1|           1|
    |tmp_5_fu_215_p2                     |    and   |      0|  0|  32|          32|          32|
    |trace_64_data_V_0_load_A            |    and   |      0|  0|   2|           1|           1|
    |trace_64_data_V_0_load_B            |    and   |      0|  0|   2|           1|           1|
    |trace_64_dest_V_0_load_A            |    and   |      0|  0|   2|           1|           1|
    |trace_64_dest_V_0_load_B            |    and   |      0|  0|   2|           1|           1|
    |trace_64_id_V_0_load_A              |    and   |      0|  0|   2|           1|           1|
    |trace_64_id_V_0_load_B              |    and   |      0|  0|   2|           1|           1|
    |trace_64_keep_V_0_load_A            |    and   |      0|  0|   2|           1|           1|
    |trace_64_keep_V_0_load_B            |    and   |      0|  0|   2|           1|           1|
    |trace_64_strb_V_0_load_A            |    and   |      0|  0|   2|           1|           1|
    |trace_64_strb_V_0_load_B            |    and   |      0|  0|   2|           1|           1|
    |trace_64_user_V_0_load_A            |    and   |      0|  0|   2|           1|           1|
    |trace_64_user_V_0_load_B            |    and   |      0|  0|   2|           1|           1|
    |capture_64_data_V_1_state_cmp_full  |   icmp   |      0|  0|   8|           2|           1|
    |capture_64_dest_V_1_state_cmp_full  |   icmp   |      0|  0|   8|           2|           1|
    |capture_64_id_V_1_state_cmp_full    |   icmp   |      0|  0|   8|           2|           1|
    |capture_64_keep_V_1_state_cmp_full  |   icmp   |      0|  0|   8|           2|           1|
    |capture_64_last_V_1_state_cmp_full  |   icmp   |      0|  0|   8|           2|           1|
    |capture_64_strb_V_1_state_cmp_full  |   icmp   |      0|  0|   8|           2|           1|
    |capture_64_user_V_1_state_cmp_full  |   icmp   |      0|  0|   8|           2|           1|
    |tmp_1_fu_182_p2                     |   icmp   |      0|  0|  18|          32|          32|
    |tmp_6_fu_220_p2                     |   icmp   |      0|  0|  18|          32|          32|
    |trace_64_data_V_0_state_cmp_full    |   icmp   |      0|  0|   8|           2|           1|
    |trace_64_dest_V_0_state_cmp_full    |   icmp   |      0|  0|   8|           2|           1|
    |trace_64_id_V_0_state_cmp_full      |   icmp   |      0|  0|   8|           2|           1|
    |trace_64_keep_V_0_state_cmp_full    |   icmp   |      0|  0|   8|           2|           1|
    |trace_64_strb_V_0_state_cmp_full    |   icmp   |      0|  0|   8|           2|           1|
    |trace_64_user_V_0_state_cmp_full    |   icmp   |      0|  0|   8|           2|           1|
    |trace_temp_last_V_fu_241_p2         |   icmp   |      0|  0|  18|          32|          32|
    |ap_block_pp0_stage0_11001           |    or    |      0|  0|   2|           1|           1|
    |ap_block_state5                     |    or    |      0|  0|   2|           1|           1|
    |tmp_7_fu_225_p2                     |    or    |      0|  0|   2|           1|           1|
    |ap_enable_pp0                       |    xor   |      0|  0|   2|           1|           2|
    |ap_enable_reg_pp0_iter1             |    xor   |      0|  0|   2|           2|           1|
    +------------------------------------+----------+-------+---+----+------------+------------+
    |Total                               |          |      0|  0| 422|         291|         216|
    +------------------------------------+----------+-------+---+----+------------+------------+

    * Multiplexer: 
    +--------------------------------+----+-----------+-----+-----------+
    |              Name              | LUT| Input Size| Bits| Total Bits|
    +--------------------------------+----+-----------+-----+-----------+
    |ap_NS_fsm                       |  21|          4|    1|          4|
    |ap_enable_reg_pp0_iter1         |   9|          2|    1|          2|
    |ap_enable_reg_pp0_iter2         |   9|          2|    1|          2|
    |ap_phi_mux_i_1_phi_fu_160_p4    |  15|          3|   32|         96|
    |ap_phi_mux_match_phi_fu_139_p4  |   9|          2|    1|          2|
    |capture_64_TDATA_blk_n          |   9|          2|    1|          2|
    |capture_64_data_V_1_data_out    |   9|          2|   64|        128|
    |capture_64_data_V_1_state       |  15|          3|    2|          6|
    |capture_64_dest_V_1_data_out    |   9|          2|    1|          2|
    |capture_64_dest_V_1_state       |  15|          3|    2|          6|
    |capture_64_id_V_1_data_out      |   9|          2|    1|          2|
    |capture_64_id_V_1_state         |  15|          3|    2|          6|
    |capture_64_keep_V_1_data_out    |   9|          2|    8|         16|
    |capture_64_keep_V_1_state       |  15|          3|    2|          6|
    |capture_64_last_V_1_data_out    |   9|          2|    1|          2|
    |capture_64_last_V_1_state       |  15|          3|    2|          6|
    |capture_64_strb_V_1_data_out    |   9|          2|    8|         16|
    |capture_64_strb_V_1_state       |  15|          3|    2|          6|
    |capture_64_user_V_1_data_out    |   9|          2|    1|          2|
    |capture_64_user_V_1_state       |  15|          3|    2|          6|
    |i_reg_146                       |   9|          2|   32|         64|
    |match_reg_135                   |   9|          2|    1|          2|
    |samples_fu_76                   |   9|          2|   32|         64|
    |trace_64_TDATA_blk_n            |   9|          2|    1|          2|
    |trace_64_data_V_0_data_out      |   9|          2|   64|        128|
    |trace_64_data_V_0_state         |  15|          3|    2|          6|
    |trace_64_dest_V_0_data_out      |   9|          2|    1|          2|
    |trace_64_dest_V_0_state         |  15|          3|    2|          6|
    |trace_64_id_V_0_data_out        |   9|          2|    1|          2|
    |trace_64_id_V_0_state           |  15|          3|    2|          6|
    |trace_64_keep_V_0_data_out      |   9|          2|    8|         16|
    |trace_64_keep_V_0_state         |  15|          3|    2|          6|
    |trace_64_strb_V_0_data_out      |   9|          2|    8|         16|
    |trace_64_strb_V_0_state         |  15|          3|    2|          6|
    |trace_64_user_V_0_data_out      |   9|          2|    1|          2|
    |trace_64_user_V_0_state         |  15|          3|    2|          6|
    +--------------------------------+----+-----------+-----+-----------+
    |Total                           | 420|         88|  296|        652|
    +--------------------------------+----+-----------+-----+-----------+

    * Register: 
    +-------------------------------+----+----+-----+-----------+
    |              Name             | FF | LUT| Bits| Const Bits|
    +-------------------------------+----+----+-----+-----------+
    |ap_CS_fsm                      |   3|   0|    3|          0|
    |ap_enable_reg_pp0_iter0        |   1|   0|    1|          0|
    |ap_enable_reg_pp0_iter1        |   1|   0|    1|          0|
    |ap_enable_reg_pp0_iter2        |   1|   0|    1|          0|
    |capture_64_data_V_1_payload_A  |  64|   0|   64|          0|
    |capture_64_data_V_1_payload_B  |  64|   0|   64|          0|
    |capture_64_data_V_1_sel_rd     |   1|   0|    1|          0|
    |capture_64_data_V_1_sel_wr     |   1|   0|    1|          0|
    |capture_64_data_V_1_state      |   2|   0|    2|          0|
    |capture_64_dest_V_1_payload_A  |   1|   0|    1|          0|
    |capture_64_dest_V_1_payload_B  |   1|   0|    1|          0|
    |capture_64_dest_V_1_sel_rd     |   1|   0|    1|          0|
    |capture_64_dest_V_1_sel_wr     |   1|   0|    1|          0|
    |capture_64_dest_V_1_state      |   2|   0|    2|          0|
    |capture_64_id_V_1_payload_A    |   1|   0|    1|          0|
    |capture_64_id_V_1_payload_B    |   1|   0|    1|          0|
    |capture_64_id_V_1_sel_rd       |   1|   0|    1|          0|
    |capture_64_id_V_1_sel_wr       |   1|   0|    1|          0|
    |capture_64_id_V_1_state        |   2|   0|    2|          0|
    |capture_64_keep_V_1_payload_A  |   8|   0|    8|          0|
    |capture_64_keep_V_1_payload_B  |   8|   0|    8|          0|
    |capture_64_keep_V_1_sel_rd     |   1|   0|    1|          0|
    |capture_64_keep_V_1_sel_wr     |   1|   0|    1|          0|
    |capture_64_keep_V_1_state      |   2|   0|    2|          0|
    |capture_64_last_V_1_payload_A  |   1|   0|    1|          0|
    |capture_64_last_V_1_payload_B  |   1|   0|    1|          0|
    |capture_64_last_V_1_sel_rd     |   1|   0|    1|          0|
    |capture_64_last_V_1_sel_wr     |   1|   0|    1|          0|
    |capture_64_last_V_1_state      |   2|   0|    2|          0|
    |capture_64_strb_V_1_payload_A  |   8|   0|    8|          0|
    |capture_64_strb_V_1_payload_B  |   8|   0|    8|          0|
    |capture_64_strb_V_1_sel_rd     |   1|   0|    1|          0|
    |capture_64_strb_V_1_sel_wr     |   1|   0|    1|          0|
    |capture_64_strb_V_1_state      |   2|   0|    2|          0|
    |capture_64_user_V_1_payload_A  |   1|   0|    1|          0|
    |capture_64_user_V_1_payload_B  |   1|   0|    1|          0|
    |capture_64_user_V_1_sel_rd     |   1|   0|    1|          0|
    |capture_64_user_V_1_sel_wr     |   1|   0|    1|          0|
    |capture_64_user_V_1_state      |   2|   0|    2|          0|
    |i_reg_146                      |  32|   0|   32|          0|
    |length_read_reg_270            |  32|   0|   32|          0|
    |match_reg_135                  |   1|   0|    1|          0|
    |samples_fu_76                  |  32|   0|   32|          0|
    |tmp_1_reg_286                  |   1|   0|    1|          0|
    |tmp_1_reg_286_pp0_iter1_reg    |   1|   0|    1|          0|
    |tmp_2_reg_280                  |  32|   0|   32|          0|
    |tmp_7_reg_320                  |   1|   0|    1|          0|
    |tmp_7_reg_320_pp0_iter1_reg    |   1|   0|    1|          0|
    |tmp_reg_275                    |  32|   0|   32|          0|
    |trace_64_data_V_0_payload_A    |  64|   0|   64|          0|
    |trace_64_data_V_0_payload_B    |  64|   0|   64|          0|
    |trace_64_data_V_0_sel_rd       |   1|   0|    1|          0|
    |trace_64_data_V_0_sel_wr       |   1|   0|    1|          0|
    |trace_64_data_V_0_state        |   2|   0|    2|          0|
    |trace_64_dest_V_0_payload_A    |   1|   0|    1|          0|
    |trace_64_dest_V_0_payload_B    |   1|   0|    1|          0|
    |trace_64_dest_V_0_sel_rd       |   1|   0|    1|          0|
    |trace_64_dest_V_0_sel_wr       |   1|   0|    1|          0|
    |trace_64_dest_V_0_state        |   2|   0|    2|          0|
    |trace_64_id_V_0_payload_A      |   1|   0|    1|          0|
    |trace_64_id_V_0_payload_B      |   1|   0|    1|          0|
    |trace_64_id_V_0_sel_rd         |   1|   0|    1|          0|
    |trace_64_id_V_0_sel_wr         |   1|   0|    1|          0|
    |trace_64_id_V_0_state          |   2|   0|    2|          0|
    |trace_64_keep_V_0_payload_A    |   8|   0|    8|          0|
    |trace_64_keep_V_0_payload_B    |   8|   0|    8|          0|
    |trace_64_keep_V_0_sel_rd       |   1|   0|    1|          0|
    |trace_64_keep_V_0_sel_wr       |   1|   0|    1|          0|
    |trace_64_keep_V_0_state        |   2|   0|    2|          0|
    |trace_64_strb_V_0_payload_A    |   8|   0|    8|          0|
    |trace_64_strb_V_0_payload_B    |   8|   0|    8|          0|
    |trace_64_strb_V_0_sel_rd       |   1|   0|    1|          0|
    |trace_64_strb_V_0_sel_wr       |   1|   0|    1|          0|
    |trace_64_strb_V_0_state        |   2|   0|    2|          0|
    |trace_64_user_V_0_payload_A    |   1|   0|    1|          0|
    |trace_64_user_V_0_payload_B    |   1|   0|    1|          0|
    |trace_64_user_V_0_sel_rd       |   1|   0|    1|          0|
    |trace_64_user_V_0_sel_wr       |   1|   0|    1|          0|
    |trace_64_user_V_0_state        |   2|   0|    2|          0|
    |trace_temp_data_V_reg_290      |  64|   0|   64|          0|
    |trace_temp_dest_V_reg_315      |   1|   0|    1|          0|
    |trace_temp_id_V_reg_310        |   1|   0|    1|          0|
    |trace_temp_keep_V_reg_295      |   8|   0|    8|          0|
    |trace_temp_last_V_reg_325      |   1|   0|    1|          0|
    |trace_temp_strb_V_reg_300      |   8|   0|    8|          0|
    |trace_temp_user_V_reg_305      |   1|   0|    1|          0|
    +-------------------------------+----+----+-----+-----------+
    |Total                          | 641|   0|  641|          0|
    +-------------------------------+----+----+-----+-----------+



================================================================
== Interface
================================================================
* Summary: 
+---------------------------+-----+-----+------------+-------------------+--------------+
|         RTL Ports         | Dir | Bits|  Protocol  |   Source Object   |    C Type    |
+---------------------------+-----+-----+------------+-------------------+--------------+
|s_axi_trace_cntrl_AWVALID  |  in |    1|    s_axi   |    trace_cntrl    |    scalar    |
|s_axi_trace_cntrl_AWREADY  | out |    1|    s_axi   |    trace_cntrl    |    scalar    |
|s_axi_trace_cntrl_AWADDR   |  in |    6|    s_axi   |    trace_cntrl    |    scalar    |
|s_axi_trace_cntrl_WVALID   |  in |    1|    s_axi   |    trace_cntrl    |    scalar    |
|s_axi_trace_cntrl_WREADY   | out |    1|    s_axi   |    trace_cntrl    |    scalar    |
|s_axi_trace_cntrl_WDATA    |  in |   32|    s_axi   |    trace_cntrl    |    scalar    |
|s_axi_trace_cntrl_WSTRB    |  in |    4|    s_axi   |    trace_cntrl    |    scalar    |
|s_axi_trace_cntrl_ARVALID  |  in |    1|    s_axi   |    trace_cntrl    |    scalar    |
|s_axi_trace_cntrl_ARREADY  | out |    1|    s_axi   |    trace_cntrl    |    scalar    |
|s_axi_trace_cntrl_ARADDR   |  in |    6|    s_axi   |    trace_cntrl    |    scalar    |
|s_axi_trace_cntrl_RVALID   | out |    1|    s_axi   |    trace_cntrl    |    scalar    |
|s_axi_trace_cntrl_RREADY   |  in |    1|    s_axi   |    trace_cntrl    |    scalar    |
|s_axi_trace_cntrl_RDATA    | out |   32|    s_axi   |    trace_cntrl    |    scalar    |
|s_axi_trace_cntrl_RRESP    | out |    2|    s_axi   |    trace_cntrl    |    scalar    |
|s_axi_trace_cntrl_BVALID   | out |    1|    s_axi   |    trace_cntrl    |    scalar    |
|s_axi_trace_cntrl_BREADY   |  in |    1|    s_axi   |    trace_cntrl    |    scalar    |
|s_axi_trace_cntrl_BRESP    | out |    2|    s_axi   |    trace_cntrl    |    scalar    |
|ap_clk                     |  in |    1| ap_ctrl_hs |   trace_cntrl_64  | return value |
|ap_rst_n                   |  in |    1| ap_ctrl_hs |   trace_cntrl_64  | return value |
|interrupt                  | out |    1| ap_ctrl_hs |   trace_cntrl_64  | return value |
|trace_64_TDATA             |  in |   64|    axis    |  trace_64_data_V  |    pointer   |
|trace_64_TVALID            |  in |    1|    axis    |  trace_64_dest_V  |    pointer   |
|trace_64_TREADY            | out |    1|    axis    |  trace_64_dest_V  |    pointer   |
|trace_64_TDEST             |  in |    1|    axis    |  trace_64_dest_V  |    pointer   |
|trace_64_TKEEP             |  in |    8|    axis    |  trace_64_keep_V  |    pointer   |
|trace_64_TSTRB             |  in |    8|    axis    |  trace_64_strb_V  |    pointer   |
|trace_64_TUSER             |  in |    1|    axis    |  trace_64_user_V  |    pointer   |
|trace_64_TLAST             |  in |    1|    axis    |  trace_64_last_V  |    pointer   |
|trace_64_TID               |  in |    1|    axis    |   trace_64_id_V   |    pointer   |
|capture_64_TDATA           | out |   64|    axis    | capture_64_data_V |    pointer   |
|capture_64_TREADY          |  in |    1|    axis    | capture_64_data_V |    pointer   |
|capture_64_TVALID          | out |    1|    axis    | capture_64_dest_V |    pointer   |
|capture_64_TDEST           | out |    1|    axis    | capture_64_dest_V |    pointer   |
|capture_64_TKEEP           | out |    8|    axis    | capture_64_keep_V |    pointer   |
|capture_64_TSTRB           | out |    8|    axis    | capture_64_strb_V |    pointer   |
|capture_64_TUSER           | out |    1|    axis    | capture_64_user_V |    pointer   |
|capture_64_TLAST           | out |    1|    axis    | capture_64_last_V |    pointer   |
|capture_64_TID             | out |    1|    axis    |  capture_64_id_V  |    pointer   |
+---------------------------+-----+-----+------------+-------------------+--------------+

